\BOOKMARK [0][-]{chapter.1}{Einleitung}{}% 1
\BOOKMARK [1][-]{section.1.1}{Was ist Information-Retrieval?}{chapter.1}% 2
\BOOKMARK [1][-]{section.1.2}{Ziel der Arbeit}{chapter.1}% 3
\BOOKMARK [1][-]{section.1.3}{Stand der Forschung}{chapter.1}% 4
\BOOKMARK [0][-]{chapter.2}{Information Retrieval - Theoretische Grundlagen}{}% 5
\BOOKMARK [1][-]{section.2.1}{Problemstellung}{chapter.2}% 6
\BOOKMARK [1][-]{section.2.2}{Strategiefindung}{chapter.2}% 7
\BOOKMARK [1][-]{section.2.3}{Tokenization}{chapter.2}% 8
\BOOKMARK [0][-]{chapter.3}{Invertierter Index}{}% 9
\BOOKMARK [1][-]{section.3.1}{Grundlegender Aufbau}{chapter.3}% 10
\BOOKMARK [1][-]{section.3.2}{Umsetzung eines invertierten Index}{chapter.3}% 11
\BOOKMARK [0][-]{chapter.4}{TF-IDF}{}% 12
\BOOKMARK [1][-]{section.4.1}{Term Frequency}{chapter.4}% 13
\BOOKMARK [1][-]{section.4.2}{Inverse Document Frequency}{chapter.4}% 14
\BOOKMARK [1][-]{section.4.3}{Das TF-IDF-Maß}{chapter.4}% 15
\BOOKMARK [0][-]{chapter.5}{Implementierung - Lokale Suchmaschine}{}% 16
\BOOKMARK [1][-]{section.5.1}{Ziel der Beispiel-Implementierung}{chapter.5}% 17
\BOOKMARK [1][-]{section.5.2}{Genutzte Bibliotheken}{chapter.5}% 18
\BOOKMARK [1][-]{section.5.3}{Die Document-Klasse}{chapter.5}% 19
\BOOKMARK [1][-]{section.5.4}{Der Index}{chapter.5}% 20
\BOOKMARK [1][-]{section.5.5}{Ausführung der Suchmaschine}{chapter.5}% 21
\BOOKMARK [0][-]{chapter.6}{Verbesserungen}{}% 22
\BOOKMARK [1][-]{section.6.1}{Probleme der aktuellen Beispiel-Implementierung}{chapter.6}% 23
\BOOKMARK [1][-]{section.6.2}{Aufbaudauer des Index}{chapter.6}% 24
